-------------------------------------------------------------------------------
Test set: SpringBootHello1.SpringBootHello1.SpringBootHello1ApplicationTests
-------------------------------------------------------------------------------
Tests run: 1, Failures: 0, Errors: 1, Skipped: 0, Time elapsed: 0.276 s <<< FAILURE! - in SpringBootHello1.SpringBootHello1.SpringBootHello1ApplicationTests
SpringBootHello1.SpringBootHello1.SpringBootHello1ApplicationTests  Time elapsed: 0.274 s  <<< ERROR!
java.lang.IllegalStateException: Unable to find a @SpringBootConfiguration, you need to use @ContextConfiguration or @SpringBootTest(classes=...) with your test

