<?xml version="1.0" encoding="UTF-8"?>
<testsuite xmlns:xsi="http://www.w3.org/2001/XMLSchema-instance" xsi:noNamespaceSchemaLocation="https://maven.apache.org/surefire/maven-surefire-plugin/xsd/surefire-test-report.xsd" name="SpringBootHello1.SpringBootHello1.SpringBootHello1ApplicationTests" time="0.276" tests="1" errors="1" skipped="0" failures="0">
  <properties>
[...]
</properties>
  <testcase name="SpringBootHello1.SpringBootHello1.SpringBootHello1ApplicationTests" classname="SpringBootHello1.SpringBootHello1.SpringBootHello1ApplicationTests" time="0.274">
    <error message="Unable to find a @SpringBootConfiguration, you need to use @ContextConfiguration or @SpringBootTest(classes=...) with your test" type="java.lang.IllegalStateException">java.lang.IllegalStateException: Unable to find a @SpringBootConfiguration, you need to use @ContextConfiguration or @SpringBootTest(classes=...) with your test
</error>
    <system-out><![CDATA[13:04:27.022 [main] DEBUG org.springframework.test.context.BootstrapUtils - Instantiating CacheAwareContextLoaderDelegate from class [org.springframework.test.context.cache.DefaultCacheAwareContextLoaderDelegate]
13:04:27.035 [main] DEBUG org.springframework.test.context.BootstrapUtils - Instantiating BootstrapContext using constructor [public org.springframework.test.context.support.DefaultBootstrapContext(java.lang.Class,org.springframework.test.context.CacheAwareContextLoaderDelegate)]
13:04:27.083 [main] DEBUG org.springframework.test.context.BootstrapUtils - Instantiating TestContextBootstrapper for test class [SpringBootHello1.SpringBootHello1.SpringBootHello1ApplicationTests] from class [org.springframework.boot.test.context.SpringBootTestContextBootstrapper]
13:04:27.096 [main] INFO org.springframework.boot.test.context.SpringBootTestContextBootstrapper - Neither @ContextConfiguration nor @ContextHierarchy found for test class [SpringBootHello1.SpringBootHello1.SpringBootHello1ApplicationTests], using SpringBootContextLoader
13:04:27.101 [main] DEBUG org.springframework.test.context.support.AbstractContextLoader - Did not detect default resource location for test class [SpringBootHello1.SpringBootHello1.SpringBootHello1ApplicationTests]: class path resource [SpringBootHello1/SpringBootHello1/SpringBootHello1ApplicationTests-context.xml] does not exist
13:04:27.102 [main] DEBUG org.springframework.test.context.support.AbstractContextLoader - Did not detect default resource location for test class [SpringBootHello1.SpringBootHello1.SpringBootHello1ApplicationTests]: class path resource [SpringBootHello1/SpringBootHello1/SpringBootHello1ApplicationTestsContext.groovy] does not exist
13:04:27.102 [main] INFO org.springframework.test.context.support.AbstractContextLoader - Could not detect default resource locations for test class [SpringBootHello1.SpringBootHello1.SpringBootHello1ApplicationTests]: no resource found for suffixes {-context.xml, Context.groovy}.
13:04:27.103 [main] INFO org.springframework.test.context.support.AnnotationConfigContextLoaderUtils - Could not detect default configuration classes for test class [SpringBootHello1.SpringBootHello1.SpringBootHello1ApplicationTests]: SpringBootHello1ApplicationTests does not declare any static, non-private, non-final, nested classes annotated with @Configuration.
13:04:27.162 [main] DEBUG org.springframework.test.context.support.ActiveProfilesUtils - Could not find an 'annotation declaring class' for annotation type [org.springframework.test.context.ActiveProfiles] and class [SpringBootHello1.SpringBootHello1.SpringBootHello1ApplicationTests]
]]></system-out>
  </testcase>
</testsuite>